TN:
SF:lib/github/middleware.js
FN:14,(anonymous_0)
FN:15,(anonymous_1)
FN:17,(anonymous_2)
FN:18,(anonymous_3)
FN:29,(anonymous_4)
FN:39,middleware
FN:40,(anonymous_6)
FN:108,(anonymous_7)
FNF:8
FNH:6
FNDA:1045,(anonymous_0)
FNDA:16,(anonymous_1)
FNDA:0,(anonymous_2)
FNDA:0,(anonymous_3)
FNDA:16,(anonymous_4)
FNDA:1045,middleware
FNDA:16,(anonymous_6)
FNDA:18,(anonymous_7)
DA:1,33
DA:3,33
DA:4,33
DA:5,33
DA:6,33
DA:7,33
DA:8,33
DA:9,33
DA:14,33
DA:15,1045
DA:16,16
DA:17,16
DA:18,16
DA:20,16
DA:21,16
DA:23,0
DA:24,0
DA:29,33
DA:36,16
DA:39,33
DA:40,1045
DA:41,16
DA:43,16
DA:45,16
DA:46,10
DA:49,16
DA:55,16
DA:62,16
DA:63,16
DA:65,16
DA:66,0
DA:67,0
DA:70,16
DA:71,0
DA:72,0
DA:75,16
DA:76,16
DA:77,0
DA:78,0
DA:81,16
DA:83,16
DA:84,18
DA:86,18
DA:87,18
DA:88,18
DA:89,18
DA:91,18
DA:92,0
DA:93,0
DA:94,0
DA:97,18
DA:99,18
DA:101,0
DA:102,0
DA:105,18
DA:107,18
DA:108,18
DA:110,1
LF:58
LH:45
BRDA:36,0,0,16
BRDA:36,0,1,0
BRDA:45,1,0,10
BRDA:45,1,1,6
BRDA:59,2,0,14
BRDA:59,2,1,2
BRDA:65,3,0,0
BRDA:65,3,1,16
BRDA:70,4,0,0
BRDA:70,4,1,16
BRDA:76,5,0,0
BRDA:76,5,1,16
BRDA:91,6,0,0
BRDA:91,6,1,18
BRDA:99,7,0,0
BRDA:99,7,1,18
BRF:16
BRH:10
end_of_record
TN:
SF:lib/jira/client/index.js
FN:16,getJiraClient
FN:27,(anonymous_1)
FN:33,(anonymous_2)
FN:33,(anonymous_3)
FN:33,(anonymous_4)
FN:34,(anonymous_5)
FN:35,(anonymous_6)
FN:36,(anonymous_7)
FN:43,(anonymous_8)
FN:49,(anonymous_9)
FN:57,(anonymous_10)
FN:63,(anonymous_11)
FN:75,(anonymous_12)
FN:81,(anonymous_13)
FN:90,(anonymous_14)
FN:100,(anonymous_15)
FN:101,(anonymous_16)
FN:107,(anonymous_17)
FN:108,(anonymous_18)
FN:111,(anonymous_19)
FN:120,(anonymous_20)
FN:121,(anonymous_21)
FN:127,(anonymous_22)
FN:145,(anonymous_23)
FN:145,(anonymous_24)
FN:151,(anonymous_25)
FN:160,(anonymous_26)
FN:180,(anonymous_27)
FN:183,(anonymous_28)
FN:190,(anonymous_29)
FN:190,(anonymous_30)
FN:190,(anonymous_31)
FN:195,(anonymous_32)
FN:202,(anonymous_33)
FN:210,(anonymous_34)
FN:214,(anonymous_35)
FN:225,(anonymous_36)
FN:226,(anonymous_37)
FN:235,(anonymous_38)
FN:240,(anonymous_39)
FNF:40
FNH:26
FNDA:34,getJiraClient
FNDA:3,(anonymous_1)
FNDA:3,(anonymous_2)
FNDA:3,(anonymous_3)
FNDA:0,(anonymous_4)
FNDA:3,(anonymous_5)
FNDA:3,(anonymous_6)
FNDA:5,(anonymous_7)
FNDA:0,(anonymous_8)
FNDA:0,(anonymous_9)
FNDA:0,(anonymous_10)
FNDA:0,(anonymous_11)
FNDA:0,(anonymous_12)
FNDA:0,(anonymous_13)
FNDA:1,(anonymous_14)
FNDA:0,(anonymous_15)
FNDA:1,(anonymous_16)
FNDA:0,(anonymous_17)
FNDA:0,(anonymous_18)
FNDA:1,(anonymous_19)
FNDA:0,(anonymous_20)
FNDA:0,(anonymous_21)
FNDA:13,(anonymous_22)
FNDA:34,(anonymous_23)
FNDA:34,(anonymous_24)
FNDA:13,(anonymous_25)
FNDA:13,(anonymous_26)
FNDA:26,(anonymous_27)
FNDA:15,(anonymous_28)
FNDA:13,(anonymous_29)
FNDA:9,(anonymous_30)
FNDA:15,(anonymous_31)
FNDA:13,(anonymous_32)
FNDA:0,(anonymous_33)
FNDA:13,(anonymous_34)
FNDA:6,(anonymous_35)
FNDA:20,(anonymous_36)
FNDA:21,(anonymous_37)
FNDA:21,(anonymous_38)
FNDA:0,(anonymous_39)
DA:1,34
DA:2,34
DA:3,34
DA:4,34
DA:7,34
DA:17,34
DA:18,34
DA:19,0
DA:21,34
DA:23,34
DA:27,3
DA:33,3
DA:34,3
DA:35,3
DA:37,5
DA:38,5
DA:39,4
DA:43,0
DA:49,0
DA:57,0
DA:63,0
DA:75,0
DA:81,0
DA:90,1
DA:100,0
DA:101,1
DA:107,0
DA:108,0
DA:111,1
DA:120,0
DA:121,0
DA:128,13
DA:130,13
DA:131,0
DA:132,0
DA:133,0
DA:136,13
DA:142,34
DA:145,34
DA:151,34
DA:152,13
DA:155,13
DA:156,13
DA:157,13
DA:160,13
DA:161,13
DA:162,7
DA:165,13
DA:173,13
DA:180,34
DA:181,26
DA:183,15
DA:184,14
DA:190,34
DA:195,34
DA:196,13
DA:202,34
DA:203,0
DA:210,34
DA:211,13
DA:212,13
DA:213,6
DA:214,6
DA:215,6
DA:216,6
DA:225,34
DA:226,20
DA:227,21
DA:229,20
DA:235,34
DA:240,34
LF:71
LH:55
BRDA:18,0,0,0
BRDA:18,0,1,34
BRDA:27,1,0,3
BRDA:38,2,0,1
BRDA:38,2,1,4
BRDA:130,3,0,0
BRDA:130,3,1,13
BRDA:130,4,0,13
BRDA:130,4,1,13
BRDA:161,5,0,7
BRDA:161,5,1,6
BRDA:166,6,0,13
BRDA:166,6,1,8
BRDA:166,6,2,5
BRDA:181,7,0,12
BRDA:181,7,1,14
BRDA:190,8,0,13
BRDA:190,8,1,5
BRDA:211,9,0,8
BRDA:211,9,1,5
BRDA:212,10,0,6
BRDA:212,10,1,7
BRDA:215,11,0,6
BRDA:215,11,1,0
BRF:24
BRH:21
end_of_record
TN:
SF:lib/jira/util/index.js
FN:1,(anonymous_0)
FN:2,(anonymous_1)
FN:8,(anonymous_2)
FN:9,(anonymous_3)
FN:12,addJiraIssueLinks
FN:14,(anonymous_5)
FN:51,unfurl
FN:64,runJiraCommands
FN:65,(anonymous_8)
FN:67,(anonymous_9)
FN:73,(anonymous_10)
FN:80,(anonymous_11)
FN:84,(anonymous_12)
FN:88,(anonymous_13)
FNF:14
FNH:7
FNDA:24,(anonymous_0)
FNDA:9,(anonymous_1)
FNDA:24,(anonymous_2)
FNDA:3,(anonymous_3)
FNDA:9,addJiraIssueLinks
FNDA:12,(anonymous_5)
FNDA:5,unfurl
FNDA:0,runJiraCommands
FNDA:0,(anonymous_8)
FNDA:0,(anonymous_9)
FNDA:0,(anonymous_10)
FNDA:0,(anonymous_11)
FNDA:0,(anonymous_12)
FNDA:0,(anonymous_13)
DA:1,33
DA:2,24
DA:3,9
DA:4,9
DA:5,9
DA:7,9
DA:8,24
DA:9,3
DA:13,9
DA:14,12
DA:19,9
DA:22,9
DA:25,9
DA:26,29
DA:28,29
DA:29,9
DA:32,20
DA:34,20
DA:35,11
DA:38,9
DA:39,9
DA:41,9
DA:42,0
DA:45,9
DA:48,9
DA:52,5
DA:53,5
DA:55,3
DA:56,3
DA:58,3
DA:59,3
DA:61,3
DA:65,0
DA:66,0
DA:67,0
DA:72,0
DA:73,0
DA:79,0
DA:80,0
DA:81,0
DA:84,0
DA:88,0
DA:92,0
DA:93,0
DA:96,0
DA:97,0
DA:102,0
DA:108,24
LF:48
LH:32
BRDA:8,0,0,24
BRDA:8,0,1,5
BRDA:28,1,0,9
BRDA:28,1,1,20
BRDA:34,2,0,11
BRDA:34,2,1,9
BRDA:34,3,0,20
BRDA:34,3,1,11
BRDA:41,4,0,0
BRDA:41,4,1,9
BRDA:48,5,0,7
BRDA:48,5,1,2
BRDA:53,6,0,2
BRDA:53,6,1,3
BRDA:56,7,0,0
BRDA:56,7,1,3
BRDA:59,8,0,0
BRDA:59,8,1,3
BRDA:66,9,0,0
BRDA:66,9,1,0
BRDA:72,10,0,0
BRDA:72,10,1,0
BRDA:79,11,0,0
BRDA:79,11,1,0
BRDA:92,12,0,0
BRDA:92,12,1,0
BRDA:96,13,0,0
BRDA:96,13,1,0
BRF:28
BRH:15
end_of_record
TN:
SF:lib/models/index.js
FN:13,(anonymous_0)
FN:34,(anonymous_1)
FN:35,(anonymous_2)
FNF:3
FNH:1
FNDA:0,(anonymous_0)
FNDA:105,(anonymous_1)
FNDA:0,(anonymous_2)
DA:1,35
DA:3,35
DA:4,35
DA:5,35
DA:7,35
DA:8,35
DA:9,35
DA:11,35
DA:13,0
DA:15,35
DA:21,35
DA:22,0
DA:24,35
DA:27,35
DA:33,35
DA:34,105
DA:35,0
DA:37,35
LF:18
LH:15
BRDA:3,0,0,35
BRDA:3,0,1,0
BRDA:11,1,0,0
BRDA:11,1,1,35
BRDA:21,2,0,0
BRDA:21,2,1,35
BRF:6
BRH:3
end_of_record
TN:
SF:lib/models/installation.js
FN:12,getHashedKey
FN:20,(anonymous_1)
FN:36,(anonymous_2)
FN:44,(anonymous_3)
FN:53,(anonymous_4)
FN:62,(anonymous_5)
FN:68,(anonymous_6)
FN:80,(anonymous_7)
FN:96,(anonymous_8)
FN:98,(anonymous_9)
FN:114,(anonymous_10)
FN:118,(anonymous_11)
FNF:12
FNH:2
FNDA:5,getHashedKey
FNDA:35,(anonymous_1)
FNDA:0,(anonymous_2)
FNDA:0,(anonymous_3)
FNDA:0,(anonymous_4)
FNDA:0,(anonymous_5)
FNDA:0,(anonymous_6)
FNDA:0,(anonymous_7)
FNDA:0,(anonymous_8)
FNDA:0,(anonymous_9)
FNDA:0,(anonymous_10)
FNDA:0,(anonymous_11)
DA:1,35
DA:2,35
DA:3,35
DA:4,35
DA:6,35
DA:7,0
DA:10,35
DA:13,5
DA:14,5
DA:16,5
DA:21,35
DA:37,0
DA:45,0
DA:54,0
DA:63,0
DA:69,0
DA:81,0
DA:91,0
DA:92,0
DA:97,0
DA:98,0
DA:99,0
DA:103,0
DA:107,0
DA:111,0
DA:115,0
DA:119,0
DA:123,35
DA:124,35
LF:29
LH:12
BRDA:6,0,0,0
BRDA:6,0,1,35
BRDA:91,1,0,0
BRDA:91,1,1,0
BRF:4
BRH:1
end_of_record
